<?xml version="1.0" encoding="UTF-8"?>
<!-- Generated by org.testng.reporters.JUnitReportReporter -->
<testsuite skipped="0" hostname="Prem4341" name="utils.AnnotationPrec" tests="1" failures="0" timestamp="28 Oct 2018 14:40:40 GMT" time="0.007" errors="0">
  <testcase name="myTest" time="0.007" classname="utils.AnnotationPrec"/>
</testsuite> <!-- utils.AnnotationPrec -->
