<?xml version="1.0" encoding="UTF-8"?>
<!-- Generated by org.testng.reporters.JUnitReportReporter -->
<testsuite skipped="2" hostname="Prem4341" name="test_Priority.TestPriority" tests="5" failures="0" timestamp="11 Nov 2018 15:51:14 GMT" time="0.028" errors="0">
  <testcase name="skipTest" time="0.022" classname="test_Priority.TestPriority">
    <skipped/>
  </testcase> <!-- skipTest -->
  <testcase name="test_qa" time="0.003" classname="test_Priority.TestPriority"/>
  <testcase name="test1" time="0.001" classname="test_Priority.TestPriority"/>
  <testcase name="test2" time="0.002" classname="test_Priority.TestPriority"/>
  <testcase name="test4" classname="test_Priority.TestPriority">
    <skipped/>
  </testcase> <!-- test4 -->
</testsuite> <!-- test_Priority.TestPriority -->
