<?xml version="1.0" encoding="UTF-8"?>
<!-- Generated by org.testng.reporters.JUnitReportReporter -->
<testsuite skipped="2" hostname="Prem4341" name="test_Priority.TestPriority" tests="5" failures="0" timestamp="18 Nov 2018 03:51:55 GMT" time="0.021" errors="0">
  <testcase name="skipTest" time="0.017" classname="test_Priority.TestPriority">
    <skipped/>
  </testcase> <!-- skipTest -->
  <testcase name="test_qa" time="0.002" classname="test_Priority.TestPriority"/>
  <testcase name="test1" time="0.002" classname="test_Priority.TestPriority"/>
  <testcase name="test2" time="0.000" classname="test_Priority.TestPriority"/>
  <testcase name="test4" classname="test_Priority.TestPriority">
    <skipped/>
  </testcase> <!-- test4 -->
</testsuite> <!-- test_Priority.TestPriority -->
