<?xml version="1.0" encoding="UTF-8"?>
<!-- Generated by org.testng.reporters.JUnitReportReporter -->
<testsuite skipped="0" hostname="Prem4341" name="test_groupDependsOn.GroupDependsOn2" tests="1" failures="0" timestamp="18 Nov 2018 03:58:50 GMT" time="0.017" errors="0">
  <testcase name="test" time="0.017" classname="test_groupDependsOn.GroupDependsOn2"/>
</testsuite> <!-- test_groupDependsOn.GroupDependsOn2 -->
